03/12/13-12:03:16: patch -p1 < /usr/src/linux-3.0.68-ths/ADDONS/PATCHES/THS/linux-3.0-ths-logo.patch
patching file drivers/video/logo/current/clut_vga16.ppm
patching file drivers/video/logo/current/drgnfly10_1c.gif
patching file drivers/video/logo/current/libelle-blackfin-clut224.ppm
patching file drivers/video/logo/current/libelle-blackfin-vga16.ppm
patching file drivers/video/logo/current/libelle-clut224.ppm
patching file drivers/video/logo/current/libelle-mono.pbm
patching file drivers/video/logo/current/libelle-rgb.pnm
patching file drivers/video/logo/current/libelle-vga16.ppm
patching file drivers/video/logo/current/logo_blackfin_clut224.ppm
patching file drivers/video/logo/current/logo_blackfin_vga16.ppm
patching file drivers/video/logo/current/logo_dec_clut224.ppm
patching file drivers/video/logo/current/logo_linux_clut224.ppm
patching file drivers/video/logo/current/logo_linux_mono.pbm
patching file drivers/video/logo/current/logo_linux_vga16.ppm
patching file drivers/video/logo/current/logo_m32r_clut224.ppm
patching file drivers/video/logo/current/logo_mac_clut224.ppm
patching file drivers/video/logo/current/logo_parisc_clut224.ppm
patching file drivers/video/logo/current/logo_sgi_clut224.ppm
patching file drivers/video/logo/current/logo_spe_clut224.ppm
patching file drivers/video/logo/current/logo_sun_clut224.ppm
patching file drivers/video/logo/current/logo_superh_clut224.ppm
patching file drivers/video/logo/current/logo_superh_mono.pbm
patching file drivers/video/logo/current/logo_superh_vga16.ppm
patching file drivers/video/logo/libelle/clut_vga16.ppm
patching file drivers/video/logo/libelle/drgnfly10_1c.gif
patching file drivers/video/logo/libelle/libelle-blackfin-clut224.ppm
patching file drivers/video/logo/libelle/libelle-blackfin-vga16.ppm
patching file drivers/video/logo/libelle/libelle-clut224.ppm
patching file drivers/video/logo/libelle/libelle-mono.pbm
patching file drivers/video/logo/libelle/libelle-rgb.pnm
patching file drivers/video/logo/libelle/libelle-vga16.ppm
patching file drivers/video/logo/libelle/logo_blackfin_clut224.ppm
patching file drivers/video/logo/libelle/logo_blackfin_vga16.ppm
patching file drivers/video/logo/libelle/logo_dec_clut224.ppm
patching file drivers/video/logo/libelle/logo_linux_clut224.ppm
patching file drivers/video/logo/libelle/logo_linux_mono.pbm
patching file drivers/video/logo/libelle/logo_linux_vga16.ppm
patching file drivers/video/logo/libelle/logo_m32r_clut224.ppm
patching file drivers/video/logo/libelle/logo_mac_clut224.ppm
patching file drivers/video/logo/libelle/logo_parisc_clut224.ppm
patching file drivers/video/logo/libelle/logo_sgi_clut224.ppm
patching file drivers/video/logo/libelle/logo_spe_clut224.ppm
patching file drivers/video/logo/libelle/logo_sun_clut224.ppm
patching file drivers/video/logo/libelle/logo_superh_clut224.ppm
patching file drivers/video/logo/libelle/logo_superh_mono.pbm
patching file drivers/video/logo/libelle/logo_superh_vga16.ppm
patching file drivers/video/logo/logo_blackfin_clut224.ppm
patching file drivers/video/logo/logo_blackfin_vga16.ppm
patching file drivers/video/logo/logo.c
patching file drivers/video/logo/logo_dec_clut224.ppm
patching file drivers/video/logo/logo_linux_clut224.ppm
patching file drivers/video/logo/logo_linux_mono.pbm
patching file drivers/video/logo/logo_linux_vga16.ppm
patching file drivers/video/logo/logo_m32r_clut224.ppm
patching file drivers/video/logo/logo_mac_clut224.ppm
patching file drivers/video/logo/logo_parisc_clut224.ppm
patching file drivers/video/logo/logo_sgi_clut224.ppm
patching file drivers/video/logo/logo_spe_clut224.ppm
patching file drivers/video/logo/logo_sun_clut224.ppm
patching file drivers/video/logo/logo_superh_clut224.ppm
patching file drivers/video/logo/logo_superh_mono.pbm
patching file drivers/video/logo/logo_superh_vga16.ppm
patching file drivers/video/logo/Makefile
Hunk #1 succeeded at 41 (offset 4 lines).
patching file drivers/video/logo/tux/clut_vga16.ppm
patching file drivers/video/logo/tux/logo_blackfin_clut224.ppm
patching file drivers/video/logo/tux/logo_blackfin_vga16.ppm
patching file drivers/video/logo/tux/logo_dec_clut224.ppm
patching file drivers/video/logo/tux/logo_linux_clut224.ppm
patching file drivers/video/logo/tux/logo_linux_mono.pbm
patching file drivers/video/logo/tux/logo_linux_vga16.ppm
patching file drivers/video/logo/tux/logo_m32r_clut224.ppm
patching file drivers/video/logo/tux/logo_mac_clut224.ppm
patching file drivers/video/logo/tux/logo_parisc_clut224.ppm
patching file drivers/video/logo/tux/logo_sgi_clut224.ppm
patching file drivers/video/logo/tux/logo_spe_clut224.ppm
patching file drivers/video/logo/tux/logo_sun_clut224.ppm
patching file drivers/video/logo/tux/logo_superh_clut224.ppm
patching file drivers/video/logo/tux/logo_superh_mono.pbm
patching file drivers/video/logo/tux/logo_superh_vga16.ppm
patching file drivers/video/logo/tuz/clut_vga16.ppm
patching file drivers/video/logo/tuz/logo_blackfin_clut224.ppm
patching file drivers/video/logo/tuz/logo_blackfin_vga16.ppm
patching file drivers/video/logo/tuz/logo_dec_clut224.ppm
patching file drivers/video/logo/tuz/logo_linux_clut224.ppm
patching file drivers/video/logo/tuz/logo_linux_mono.pbm
patching file drivers/video/logo/tuz/logo_linux_vga16.ppm
patching file drivers/video/logo/tuz/logo_m32r_clut224.ppm
patching file drivers/video/logo/tuz/logo_mac_clut224.ppm
patching file drivers/video/logo/tuz/logo_parisc_clut224.ppm
patching file drivers/video/logo/tuz/logo_sgi_clut224.ppm
patching file drivers/video/logo/tuz/logo_spe_clut224.ppm
patching file drivers/video/logo/tuz/logo_sun_clut224.ppm
patching file drivers/video/logo/tuz/logo_superh_clut224.ppm
patching file drivers/video/logo/tuz/logo_superh_mono.pbm
patching file drivers/video/logo/tuz/logo_superh_vga16.ppm
patching file drivers/video/logo/unizh/clut_vga16.ppm
patching file drivers/video/logo/unizh/logo_blackfin_clut224.ppm
patching file drivers/video/logo/unizh/logo_blackfin_vga16.ppm
patching file drivers/video/logo/unizh/logo_dec_clut224.ppm
patching file drivers/video/logo/unizh/logo_linux_clut224.ppm
patching file drivers/video/logo/unizh/logo_linux_mono.pbm
patching file drivers/video/logo/unizh/logo_linux_vga16.ppm
patching file drivers/video/logo/unizh/logo_m32r_clut224.ppm
patching file drivers/video/logo/unizh/logo_mac_clut224.ppm
patching file drivers/video/logo/unizh/logo_parisc_clut224.ppm
patching file drivers/video/logo/unizh/logo_sgi_clut224.ppm
patching file drivers/video/logo/unizh/logo_spe_clut224.ppm
patching file drivers/video/logo/unizh/logo_sun_clut224.ppm
patching file drivers/video/logo/unizh/logo_superh_clut224.ppm
patching file drivers/video/logo/unizh/logo_superh_mono.pbm
patching file drivers/video/logo/unizh/logo_superh_vga16.ppm
patching file drivers/video/logo/unizh/unilogo-clut224.ppm
patching file drivers/video/logo/unizh/unilogo-mono.pbm
patching file drivers/video/logo/unizh/unilogo.org.pnm
patching file drivers/video/logo/unizh/unilogo-rgb.pnm
patching file drivers/video/logo/unizh/unilogo-vga16.ppm
patching file drivers/video/logo/unizh/unisiegel.eps
