03/12/13-12:03:09: patch -p1 < /usr/src/linux-3.0.68-ths/ADDONS/PATCHES/FIRMWARE/linux-3.0-firmware-ti-connectivity.patch
patching file firmware/ti-connectivity/TIInit_7.2.31.bts
patching file firmware/ti-connectivity/wl1271-fw-2.bin
patching file firmware/ti-connectivity/wl1271-fw-ap.bin
patching file firmware/ti-connectivity/wl1271-fw.bin
patching file firmware/ti-connectivity/wl1271-nvs.bin
patching file firmware/ti-connectivity/wl127x-fw-3.bin
patching file firmware/ti-connectivity/wl127x-fw-4-mr.bin
patching file firmware/ti-connectivity/wl127x-fw-4-plt.bin
patching file firmware/ti-connectivity/wl127x-fw-4-sr.bin
patching file firmware/ti-connectivity/wl127x-fw-5-mr.bin
patching file firmware/ti-connectivity/wl127x-fw-5-plt.bin
patching file firmware/ti-connectivity/wl127x-fw-5-sr.bin
patching file firmware/ti-connectivity/wl127x-fw-plt-3.bin
patching file firmware/ti-connectivity/wl127x-nvs.bin
patching file firmware/ti-connectivity/wl128x-fw-3.bin
patching file firmware/ti-connectivity/wl128x-fw-4-mr.bin
patching file firmware/ti-connectivity/wl128x-fw-4-plt.bin
patching file firmware/ti-connectivity/wl128x-fw-4-sr.bin
patching file firmware/ti-connectivity/wl128x-fw-5-mr.bin
patching file firmware/ti-connectivity/wl128x-fw-5-plt.bin
patching file firmware/ti-connectivity/wl128x-fw-5-sr.bin
patching file firmware/ti-connectivity/wl128x-fw-ap.bin
patching file firmware/ti-connectivity/wl128x-fw.bin
patching file firmware/ti-connectivity/wl128x-fw-plt-3.bin
patching file firmware/ti-connectivity/wl128x-nvs.bin
patching file firmware/ti-connectivity/wl12xx-nvs.bin
patching file firmware/ti-connectivity/wl18xx-fw.bin
