03/12/13-12:03:08: patch -p1 < /usr/src/linux-3.0.68-ths/ADDONS/PATCHES/FIRMWARE/linux-3.0-firmware-ath6k.patch
patching file firmware/ath6k/AR6002/athwlan.bin.z77
patching file firmware/ath6k/AR6002/data.patch.hw2_0.bin
patching file firmware/ath6k/AR6002/eeprom.bin
patching file firmware/ath6k/AR6002/eeprom.data
patching file firmware/ath6k/AR6003/hw1.0/athwlan.bin.z77
patching file firmware/ath6k/AR6003/hw1.0/bdata.SD31.bin
patching file firmware/ath6k/AR6003/hw1.0/bdata.SD32.bin
patching file firmware/ath6k/AR6003/hw1.0/bdata.WB31.bin
patching file firmware/ath6k/AR6003/hw1.0/data.patch.bin
patching file firmware/ath6k/AR6003/hw1.0/otp.bin.z77
patching file firmware/ath6k/AR6003/hw2.0/athwlan.bin.z77
patching file firmware/ath6k/AR6003/hw2.0/bdata.SD31.bin
patching file firmware/ath6k/AR6003/hw2.0/bdata.SD32.bin
patching file firmware/ath6k/AR6003/hw2.0/bdata.WB31.bin
patching file firmware/ath6k/AR6003/hw2.0/data.patch.bin
patching file firmware/ath6k/AR6003/hw2.0/otp.bin.z77
patching file firmware/ath6k/AR6003/hw2.1.1/athwlan.bin
patching file firmware/ath6k/AR6003/hw2.1.1/bdata.SD31.bin
patching file firmware/ath6k/AR6003/hw2.1.1/bdata.SD32.bin
patching file firmware/ath6k/AR6003/hw2.1.1/bdata.WB31.bin
patching file firmware/ath6k/AR6003/hw2.1.1/data.patch.bin
patching file firmware/ath6k/AR6003/hw2.1.1/endpointping.bin
patching file firmware/ath6k/AR6003/hw2.1.1/fw-2.bin
patching file firmware/ath6k/AR6003/hw2.1.1/fw-3.bin
patching file firmware/ath6k/AR6003/hw2.1.1/otp.bin
patching file firmware/ath6k/AR6003.1/hw2.1.1/athwlan.bin
patching file firmware/ath6k/AR6003.1/hw2.1.1/bdata.SD31.bin
patching file firmware/ath6k/AR6003.1/hw2.1.1/bdata.SD32.bin
patching file firmware/ath6k/AR6003.1/hw2.1.1/bdata.WB31.bin
patching file firmware/ath6k/AR6003.1/hw2.1.1/data.patch.bin
patching file firmware/ath6k/AR6003.1/hw2.1.1/endpointping.bin
patching file firmware/ath6k/AR6003.1/hw2.1.1/otp.bin
patching file firmware/ath6k/AR6004/hw1.2/bdata.bin
patching file firmware/ath6k/AR6004/hw1.2/fw-2.bin
patching file firmware/ath6k/AR6004/hw1.3/bdata.bin
patching file firmware/ath6k/AR6004/hw1.3/fw-3.bin
